0:100  0:100  MemLog inited, TSC freq: 2491770500
0:100  0:000  CPU was calibrated with RTC
0:100  0:000  
0:100  0:000  Now is 25.3.2019,  5:15:33 (GMT)
0:100  0:000  Starting Clover revision: 4859 on INSYDE Corp. EFI
0:100  0:000  Build with: [Args: -mc --no-usb -D NO_GRUB_DRIVERS_EMBEDDED -t XCODE8 | -D DISABLE_USB_SUPPORT -D NO_GRUB_DRIVERS_EMBEDDED --conf=/Users/sky/src/edk2/Conf -D USE_BIOS_BLOCKIO -D USE_LOW_EBDA -a X64 -b RELEASE -t XCODE8 -n 13 | OS: 10.14.3 | XCODE: 10.1]
0:100  0:000  SelfDevicePath=PciRoot(0x0)\Pci(0x17,0x0)\Sata(0x0,0x0,0x0)\HD(1,GPT,1CAC709D-D436-4310-B9C7-C4135B371588,0x28,0x64000) @6ADEBD58
0:100  0:000  SelfDirPath = \EFI\BOOT
0:100  0:000  === [ Get Smbios ] ========================================
0:105  0:004  Type 16 Index = 0
0:105  0:000  Total Memory Slots Count = 2
0:105  0:000  Type 17 Index = 0
0:105  0:000  SmbiosTable.Type17->Speed = 2400MHz
0:105  0:000  SmbiosTable.Type17->Size = 8192MB
0:105  0:000  SmbiosTable.Type17->Bank/Device = BANK 0 ChannelA-DIMM0
0:105  0:000  SmbiosTable.Type17->Vendor = Micron
0:105  0:000  SmbiosTable.Type17->SerialNumber = 14DE519F
0:105  0:000  SmbiosTable.Type17->PartNumber = 8ATF1G64HZ-2G3B1    
0:105  0:000  Type 17 Index = 1
0:105  0:000  Ignoring insane frequency value 0MHz
0:105  0:000  SmbiosTable.Type17->Speed = 0MHz
0:105  0:000  SmbiosTable.Type17->Size = 0MB
0:105  0:000  SmbiosTable.Type17->Bank/Device = BANK 1 ChannelA-DIMM1
0:105  0:000  SmbiosTable.Type17->Vendor = <null string>
0:105  0:000  SmbiosTable.Type17->SerialNumber = <null string>
0:105  0:000  SmbiosTable.Type17->PartNumber = <null string>
0:105  0:000  Boot status=0
0:105  0:000  Running on: 'Aspire VX5-591G' with board 'Wish_KLS'
0:105  0:000  === [ GetCPUProperties ] ==================================
0:105  0:000  CPU Vendor = 756E6547 Model=906E9
0:105  0:000   The CPU supported SSE4.1
0:105  0:000  BrandString = Intel(R) Core(TM) i5-7300HQ CPU @ 2.50GHz
0:105  0:000   The CPU supported turbo
0:105  0:000  MSR 0x35               40004
0:105  0:000   TSC/CCC Information Leaf:
0:105  0:000    numerator     : 208
0:105  0:000    denominator   : 2
0:105  0:000   Calibrated ARTFrequency: 23959331
0:105  0:000  MSR 0xE2 before patch 1E000006
0:105  0:000  MSR 0xCE              0008083B_F1011900
0:105  0:000  corrected FLEX_RATIO = 0
0:105  0:000  MSR 0x1B0             00000000
0:105  0:000  FSBFrequency = 124 MHz, DMI FSBFrequency = 100 MHz, Corrected FSBFrequency = 100 MHz
0:105  0:000  MaxDiv/MinDiv: 25.0/8
0:105  0:000  Turbo: 31/32/33/35
0:105  0:000  Features: 0xBFEBFBFF
0:105  0:000  Threads: 4
0:105  0:000  Cores: 4
0:105  0:000  FSB: 100 MHz
0:105  0:000  CPU: 3100 MHz
0:105  0:000  TSC: 3100 MHz
0:105  0:000  PIS: 100 MHz
0:105  0:000  ExternalClock: 25 MHz
0:105  0:000  === [ GetDevices ] ========================================
0:105  0:000  PCI (00|00:00.00) : 8086 5910 class=060000
0:105  0:000  PCI (00|00:01.00) : 8086 1901 class=060400
0:105  0:000  PCI (00|01:00.00) : 10DE 1C8D class=030200
0:105  0:000  PCI (00|00:02.00) : 8086 591B class=030000
0:105  0:000   - GFX: Model=Intel HD Graphics 630 (Intel)
0:105  0:000  PCI (00|00:14.00) : 8086 A12F class=0C0330
0:105  0:000  PCI (00|00:14.02) : 8086 A131 class=118000
0:105  0:000  PCI (00|00:15.00) : 8086 A160 class=118000
0:105  0:000  PCI (00|00:15.01) : 8086 A161 class=118000
0:105  0:000  PCI (00|00:16.00) : 8086 A13A class=078000
0:105  0:000  PCI (00|00:17.00) : 8086 A103 class=010601
0:105  0:000  PCI (00|00:1C.00) : 8086 A112 class=060400
0:105  0:000  PCI (00|02:00.00) : 14E4 43A0 class=028000
0:105  0:000   - WIFI: Vendor=Broadcom
0:105  0:000  PCI (00|00:1C.03) : 8086 A113 class=060400
0:105  0:000  PCI (00|03:00.00) : 10EC 8168 class=020000
0:105  0:000   - LAN: 0 Vendor=Realtek
0:105  0:000  PCI (00|00:1F.00) : 8086 A152 class=060100
0:105  0:000  PCI (00|00:1F.02) : 8086 A121 class=058000
0:105  0:000  PCI (00|00:1F.03) : 8086 A171 class=040300
0:105  0:000  PCI (00|00:1F.04) : 8086 A123 class=0C0500
0:105  0:000  === [ GetDefaultSettings ] ================================
0:105  0:000  Clover load options size = 0 bytes
0:108  0:002  EFI\CLOVER\config.plist loaded: Success
0:113  0:005  === [ GetListOfThemes ] ===================================
0:114  0:000  - [00]: Clovy
0:117  0:002  - [01]: Hackintosh_ID
0:118  0:001  - [02]: SimpleThemeDark
0:119  0:001  === [ Found config plists ] ===============================
0:119  0:000  - config.plist
0:119  0:000  - config-backup.plist
0:120  0:000  === [ GetEarlyUserSettings ] ==============================
0:120  0:000  timeout set to 5
0:120  0:000  Custom boot CUSTOM_BOOT_APPLE (0x0)
0:120  0:000  ForceKextsToLoad: 1 requested
0:120  0:000   - [0]: System\Library\Extensions\IONetworkingFamily.kext
0:120  0:000  KextsToPatch: 6 requested
0:120  0:000   - [00]: IOBufferCopyController (disable IOBufferCopyController (Credit by DalianSky)) :: PlistPatch :: data len: 5
0:120  0:000   - [01]: com.apple.driver.usb.AppleUSBXHCI (10.13.x USB Port Limit Patch) :: MatchOS: 10.13.4,10.13.5 :: BinPatch :: data len: 10
0:120  0:000   - [02]: com.apple.driver.usb.AppleUSBXHCI (USB 10.13.6 by PMHeart) :: MatchOS: 10.13.6 :: BinPatch :: data len: 10
0:120  0:000   - [03]: com.apple.driver.usb.AppleUSBXHCI (disable USB Port Limit Patch (PMheart) for 10.14 beta2) :: MatchOS: 10.14 :: BinPatch :: data len: 9
0:120  0:000   - [04]: com.apple.iokit.IOUSBHostFamily (USB port limit patch 10.14.x modify by DalianSky(credit ydeng)) :: MatchOS: 10.14.x :: BinPatch :: data len: 4
0:120  0:000   - [05]: com.apple.driver.usb.AppleUSBXHCI (USB Port limit patch 10.14.x modify by DalianSky(credits PMheart)) :: MatchOS: 10.14.x :: BinPatch :: data len: 4
0:120  0:000  KernelToPatch: 4 requested
0:120  0:000   - [00]: Disable panic kext logging on 10.13 Debug kernel :: MatchOS: 10.13 :: data len: 6
0:120  0:000   - [01]: Disable panic kext logging on 10.13 Release kernel :: MatchOS: 10.13 :: data len: 6
0:120  0:000   - [02]: Disable panic kext logging on 10.14 Release kernel (c) vit9696 :: MatchOS: 10.14.x :: data len: 6
0:120  0:000   - [03]: MSR 0xE2 _xcpm_idle instant reboot(c) Pike R. Alpha :: data len: 8
0:120  0:000  Default theme: Hackintosh_ID
0:120  0:000  ** Warning: unknown custom entry Type 'Other'
0:120  0:000  === [ LoadDrivers ] =======================================
0:121  0:001  Loading apfs.efi  status=Success
0:125  0:004   - driver needs connecting
0:125  0:000  Loading ApfsDriverLoader-64.efi  status=Success
0:125  0:000   - driver needs connecting
0:125  0:000  Loading AppleImageLoader-64.efi  status=Success
0:125  0:000  Loading AppleUISupport-64.efi  status=Success
0:227  0:101  Loading AptioMemoryFix-64.efi  status=Success
0:227  0:000  Loading AudioDxe-64.efi  status=Success
0:228  0:001   - driver needs connecting
0:228  0:000  Loading DataHubDxe-64.efi  status=Success
0:228  0:000  Loading EmuVariableUefi-64.efi  status=Success
0:228  0:000  EmuVariableUefi Initialize: VariableCommonInitialize = Success, orig services stored, install gEmuVariableControlProtocolGuid = Success
0:228  0:000  Loading FSInject-64.efi  status=Success
0:229  0:000  Loading HFSPlus.efi  status=Success
0:229  0:000   - driver needs connecting
0:229  0:000  Loading NvmExpressDxe-64.efi  status=Success
0:230  0:000   - driver needs connecting
0:230  0:000  Loading SMCHelper-64.efi  status=Success
0:230  0:000  5 drivers needs connecting ...
0:230  0:000  PlatformDriverOverrideProtocol->GetDriver overriden
0:230  0:000  HFS+ driver loaded
0:230  0:000  APFS driver loaded
0:230  0:000  Searching for invalid DiskIo BY_DRIVER connects: not found, all ok
4:245  4:015  EmuVariable InstallEmulation: orig vars copied, emu.var.services installed, CreateEvent VirtualAddressChange = Success, CreateEvent ExitBootServices = Success, set Status=Success
4:278  0:032  === [ InitScreen ] ========================================
4:278  0:000  SetMaxResolution: found best mode 0: 1920x1080
4:278  0:000   - already set
4:278  0:000  Console modes reported: 7, available modes:
4:278  0:000   - [01]: 80x25
4:278  0:000   - [02]: 80x50
4:278  0:000   - [03]: 80x25
4:278  0:000   - [04]: 240x56 (current mode)
4:278  0:000   - [05]: 100x31
4:278  0:000   - [06]: 128x40
4:278  0:000   - [07]: 160x53
4:278  0:000  SetScreenResolution: 1920x1080 - already set
4:278  0:000  reinit: self device path=PciRoot(0x0)\Pci(0x17,0x0)\Sata(0x0,0x0,0x0)\HD(1,GPT,1CAC709D-D436-4310-B9C7-C4135B371588,0x28,0x64000)
4:278  0:000  === [ GetMacAddress ] =====================================
4:278  0:000  MAC address of LAN #0= FC:45:96:5F:F2:DA:
4:278  0:000  === [ ScanSPD ] ===========================================
4:279  0:000  Scanning SMBus [8086:A123], mmio: 0xA442F004, ioport: 0x5040, hostc: 0x11
4:297  0:018  Slot: 0 Type 26 8192MB 2400MHz Vendor=Micron Technology PartNo=8ATF1G64HZ-2G3B1 SerialNo=01040D0E0501090F
4:298  0:001  === [ GetAcpiTablesList ] =================================
4:307  0:009  Get Acpi Tables List from RSDT:
4:307  0:000   - [00]: FACP  ACRPRDCT len=268
4:307  0:000   - [01]: UEFI  ACRPRDCT len=66
4:307  0:000   - [02]: MSDM  ACRPRDCT len=85
4:307  0:000   - [03]: SSDT  ACRPRDCT len=637
4:307  0:000   - [04]: ASPT  ACRPRDCT len=52
4:307  0:000   - [05]: DBGP  ACRPRDCT len=52
4:307  0:000   - [06]: APIC  ACRPRDCT len=188
4:307  0:000   - [07]: SSDT  ACRPRDCT len=3016
4:307  0:000   - [08]: LPIT  ACRPRDCT len=148
4:307  0:000   - [09]: SSDT  ACRPRDCT len=671
4:307  0:000   - [10]: SSDT  ACRPRDCT len=12290
4:307  0:000   - [11]: DBGP  ACRPRDCT len=52
4:307  0:000   - [12]: SSDT  ACRPRDCT len=4202
4:307  0:000   - [13]: SSDT  ACRPRDCT len=3806
4:307  0:000   - [14]: DMAR  ACRPRDCT len=240
4:307  0:000   - [15]: FPDT  ACRPRDCT len=68
4:307  0:000   - [16]: UEFI  ACRPRDCT len=566
4:307  0:000   - [17]: SSDT  ACRPRDCT len=12563
4:307  0:000   - [18]: BOOT  ACRPRDCT len=40
4:307  0:000   - [19]: MCFG  ACRPRDCT len=60
4:307  0:000   - [20]: WSMT  ACRPRDCT len=40
4:307  0:000   - [21]: SSDT  ACRPRDCT len=1310
4:307  0:000   - [22]: SSDT  ACRPRDCT len=22008
4:307  0:000   - [23]: HPET  ACRPRDCT len=56
4:307  0:000   - [24]: SSDT  ACRPRDCT len=838
4:307  0:000   - [25]: SSDT  ACRPRDCT len=17750
4:307  0:000   - [26]: ASF!  ACRPRDCT len=165
4:307  0:000   - [27]: DBG2  ACRPRDCT len=84
4:307  0:000   - [28]: SSDT  ACRPRDCT len=444
4:307  0:000   - [29]: BGRT  ACRPRDCT len=56
4:307  0:000  Calibrated TSC Frequency = 2491770500 = 2491MHz
4:307  0:000  === [ GetUserSettings ] ===================================
4:307  0:000  USB FixOwnership: yes
4:307  0:000  Dropping 2 tables:
4:307  0:000   - [00]: Drop table  signature="#MCF" (46434D23)
4:307  0:000           - set table: 46434D23,                0 to drop: no
4:307  0:000   - [01]: Drop table  signature="DMAR" (52414D44)
4:307  0:000           - set table: 52414D44,                0 to drop: yes
4:307  0:000   - final DSDT Fix mask=01000000
4:307  0:000  PatchesDSDT: 12 requested
4:307  0:000   - [00]: (change OSID to XSID (to avoid match against _OSI XOSI patch)) lenToFind: 4, lenToReplace: 4, Target Bridge: <null string>
4:307  0:000    patch disabled at config
4:307  0:000   - [01]: (change _OSI to XOSI) lenToFind: 4, lenToReplace: 4, Target Bridge: <null string>
4:307  0:000    patch disabled at config
4:307  0:000   - [02]: (change _DSM to XDSM) lenToFind: 4, lenToReplace: 4, Target Bridge: <null string>
4:307  0:000    patch disabled at config
4:307  0:000   - [03]: (change EC0 to EC) lenToFind: 4, lenToReplace: 4, Target Bridge: <null string>
4:307  0:000    patch disabled at config
4:307  0:000   - [04]: (change H_EC to EC) lenToFind: 4, lenToReplace: 4, Target Bridge: <null string>
4:307  0:000    patch disabled at config
4:307  0:000   - [05]: (change ECDV to EC) lenToFind: 4, lenToReplace: 4, Target Bridge: <null string>
4:307  0:000    patch disabled at config
4:307  0:000   - [06]: (change HDAS to HDEF) lenToFind: 4, lenToReplace: 4, Target Bridge: <null string>
4:307  0:000   - [07]: (change HECI to IMEI) lenToFind: 4, lenToReplace: 4, Target Bridge: <null string>
4:307  0:000   - [08]: (change MEI to IMEI) lenToFind: 4, lenToReplace: 4, Target Bridge: <null string>
4:307  0:000   - [09]: (change GFX0 to IGPU) lenToFind: 4, lenToReplace: 4, Target Bridge: <null string>
4:307  0:000   - [10]: (change PCI0.VID to IGPU #1 (Thinkpad)) lenToFind: 8, lenToReplace: 8, Target Bridge: <null string>
4:307  0:000   - [11]: (change PCI0.VID to IGPU #2 (Thinkpad)) lenToFind: 14, lenToReplace: 14, Target Bridge: <null string>
4:307  0:000  Using ProductName from config: MacBookPro13,1
4:307  0:000  Found same BiosVersion in clover and config
4:307  0:000  BiosVersion: MBP131.88Z.F000.B00.1810301605
4:307  0:000  BiosReleaseDate: 10/30/2018
4:307  0:000  Using EfiVersion from config: 228.0.0.0.0
4:307  0:000  Using FirmwareFeatures from config: 0xFC0FE137
4:307  0:000  Using FirmwareFeaturesMask from config: 0xFF1FFF3F
4:307  0:000  Board-ID set from config as Mac-473D31EABEB93F9B
4:307  0:000  BoardType: 0xA
4:307  0:000  ChassisType: 0x9
4:307  0:000  found 2 handles with audio
4:307  0:000  No AudioIoDevice stored
4:307  0:000  no stored audio parameters
4:307  0:000  === [ Found DSDT tables ] =================================
4:382  0:074  === [ ScanVolumes ] =======================================
4:382  0:000  Found 10 volumes with blockIO
4:382  0:000  - [00]: Volume: PciRoot(0x0)\Pci(0x17,0x0)\Sata(0x0,0x0,0x0)
4:382  0:000  - [01]: Volume: PciRoot(0x0)\Pci(0x17,0x0)\Sata(0x2,0x0,0x0)
4:382  0:000  - [02]: Volume: PciRoot(0x0)\Pci(0x17,0x0)\Sata(0x0,0x0,0x0)\HD(1,GPT,1CAC709D-D436-4310-B9C7-C4135B371588,0x28,0x64000)
4:383  0:000          Result of bootcode detection: bootable unknown (legacy)
4:383  0:000          This is SelfVolume !!
4:383  0:000  - [03]: Volume: PciRoot(0x0)\Pci(0x17,0x0)\Sata(0x0,0x0,0x0)\HD(2,GPT,9E7ACE2C-F809-4BC5-A37E-A939DC6748CE,0x64028,0xEE18260)
4:383  0:000          Result of bootcode detection: bootable unknown (legacy)
4:383  0:000  - [04]: Volume: PciRoot(0x0)\Pci(0x17,0x0)\Sata(0x2,0x0,0x0)\HD(1,GPT,DF982C59-C5C8-43FC-A94C-08564081B4A2,0x28,0x64000)
4:383  0:000          Result of bootcode detection: bootable unknown (legacy)
4:383  0:000  - [05]: Volume: PciRoot(0x0)\Pci(0x17,0x0)\Sata(0x2,0x0,0x0)\HD(2,GPT,B1B7C004-08DF-4514-8A49-04C0AD54D7D5,0x64028,0x1DC4F260)
4:383  0:000  - [06]: Volume: PciRoot(0x0)\Pci(0x17,0x0)\Sata(0x0,0x0,0x0)\HD(2,GPT,9E7ACE2C-F809-4BC5-A37E-A939DC6748CE,0x64028,0xEE18260)\VenMedia(BE74FCF7-0B7C-49F3-9147-01F4042E6842,7F0970562950DE409AA443C7944B980D)
4:383  0:000  - [07]: Volume: PciRoot(0x0)\Pci(0x17,0x0)\Sata(0x0,0x0,0x0)\HD(2,GPT,9E7ACE2C-F809-4BC5-A37E-A939DC6748CE,0x64028,0xEE18260)\VenMedia(BE74FCF7-0B7C-49F3-9147-01F4042E6842,13BA49958A390A3EA90C870EBAD0E416)
4:383  0:000  - [08]: Volume: PciRoot(0x0)\Pci(0x17,0x0)\Sata(0x0,0x0,0x0)\HD(2,GPT,9E7ACE2C-F809-4BC5-A37E-A939DC6748CE,0x64028,0xEE18260)\VenMedia(BE74FCF7-0B7C-49F3-9147-01F4042E6842,1D31C31981A2524499FE1D4BA0BF03A0)
4:384  0:000  - [09]: Volume: PciRoot(0x0)\Pci(0x17,0x0)\Sata(0x0,0x0,0x0)\HD(2,GPT,9E7ACE2C-F809-4BC5-A37E-A939DC6748CE,0x64028,0xEE18260)\VenMedia(BE74FCF7-0B7C-49F3-9147-01F4042E6842,1620D6122E287042B6C347DB91E66457)
4:384  0:000  PutNvramPlistToRtVars: nvram.plist not found
4:384  0:000  === [ InitTheme ] =========================================
4:384  0:000  use night theme
4:385  0:001  Using theme 'Hackintosh_ID' (EFI\CLOVER\themes\Hackintosh_ID)
4:386  0:000  OS main and drive as badge
4:386  0:000  file sound read: sound_night.wav Not Found
4:386  0:000  file sound read: sound.wav Not Found
4:386  0:000  Loading font from ThemeDir: Success
4:387  0:000  theme inited
4:387  0:000  Chosen theme Hackintosh_ID
4:387  0:000  after NVRAM boot-args=-lilubetaall debug=0x100 -disablegfxfirmware -v darkwake=8
4:387  0:000  === [ Dump SMC keys from NVRAM ] ==========================
4:387  0:000  found AppleSMC protocol
4:387  0:000  Registered 16 SMC keys
4:387  0:000  === [ AddCustomEntries ] ==================================
4:387  0:000  Custom entry 0 skipped because it is disabled.
4:387  0:000  === [ ScanLoader ] ========================================
4:387  0:000  - [02]: 'EFI'
4:433  0:046          AddLoaderEntry for Volume Name=EFI
4:433  0:000          skipped because entry is hidden
4:433  0:000  - [04]: 'EFI'
4:470  0:036  - [06]: 'Preboot'
4:471  0:000          AddLoaderEntry for Volume Name=Preboot
4:471  0:000      Not match custom entry 0: Type: not match
4:472  0:000      hibernated: set as never
4:474  0:002          AddLoaderEntry for Volume Name=Preboot
4:474  0:000      Not match custom entry 0: Type: not match
4:512  0:037  - [07]: 'Macintosh HD'
4:518  0:006          AddLoaderEntry for Volume Name=Macintosh HD
4:518  0:000      Not match custom entry 0: Type: not match
4:520  0:001      hibernated: set as never
4:557  0:037  - [08]: 'Recovery'
4:557  0:000          AddLoaderEntry for Volume Name=Recovery
4:557  0:000      Not match custom entry 0: Type: not match
4:595  0:037  - [09]: 'VM'
4:630  0:035  Scanning legacy ...
4:630  0:000  === [ AddCustomTool ] =====================================
4:631  0:000  found tool \EFI\CLOVER\tools\Shell64U.efi
4:631  0:000  Checking EFI partition Volume 2 for Clover
4:631  0:000   Found Clover
4:631  0:000  EmuVariable UninstallEmulation: CloseEvent = Success, original var services restored
4:632  0:000  EmuVariable InstallEmulation: orig vars copied, emu.var.services installed, CreateEvent VirtualAddressChange = Success, CreateEvent ExitBootServices = Success, set Status=Success
4:665  0:033  === [ GetEfiBootDeviceFromNvram ] =========================
4:665  0:000   - efi-boot-device-data: PciRoot(0x0)\Pci(0x17,0x0)\Sata(0x0,0x0,0x0)\HD(1,GPT,AA511E43-C303-462F-BB17-6AE7FCDF4AD1,0x800,0x31800)\EFI\microsoft\Boot\bootmgfw.efii
4:665  0:000    - Volume: 'PciRoot(0x0)\Pci(0x17,0x0)\Sata(0x0,0x0,0x0)\HD(1,GPT,AA511E43-C303-462F-BB17-6AE7FCDF4AD1,0x800,0x31800)'
4:665  0:000    - LoaderPath: '\EFI\microsoft\Boot\bootmgfw.efi'
4:665  0:000    - Guid = AA511E43-C303-462F-BB17-6AE7FCDF4AD1
4:665  0:000  === [ FindStartupDiskVolume ] =============================
4:665  0:000    - Volume: partition = PciRoot(0x0)\Pci(0x17,0x0)\Sata(0x0,0x0,0x0)\HD(1,GPT,AA511E43-C303-462F-BB17-6AE7FCDF4AD1,0x800,0x31800)
4:665  0:000     - searching for that partition and loader '\EFI\microsoft\Boot\bootmgfw.efi'
4:665  0:000      - [!] not found
4:665  0:000     - searching again, but comparing Media dev path nodes
4:665  0:000      - [!] not found
4:665  0:000     - searching for that partition
4:665  0:000      - [!] not found
4:665  0:000     - searching again, but comparing Media dev path nodes
4:665  0:000      - [!] not found
4:665  0:000  Default boot entry not found
4:665  0:000  EmuVariable UninstallEmulation: CloseEvent = Success, original var services restored
4:665  0:000  DefaultIndex=-1 and MainMenu.EntryCount=10
4:665  0:000  not run anime
4:750  0:084  GUI ready
12:704  7:954  not run anime
15:692  2:988  not run anime
20:973  5:280  not run anime
22:756  1:783  not run anime
24:239  1:482  not run anime
27:400  3:161  not run anime
41:596  14:196  not run anime
47:266  5:669  not run anime
54:574  7:308  BootVariable of the entry is empty
54:574  0:000  === [ StartLoader ] =======================================
54:574  0:000  Finally: ExternalClock=25MHz BusSpeed=99671kHz CPUFreq=2492MHz PIS: hw.busfrequency=100000000Hz
54:575  0:000  Loading boot.efi  status=Success
54:622  0:047  GetOSVersion: 10.14.3 (18D109)
54:622  0:000  CSR_CFG: CSR_ALLOW_UNTRUSTED_KEXTS | CSR_ALLOW_UNRESTRICTED_FS | CSR_ALLOW_TASK_FOR_PID | CSR_ALLOW_UNRESTRICTED_DTRACE | CSR_ALLOW_UNRESTRICTED_NVRAM
54:622  0:000  Filtering KextPatches:
54:622  0:000   - [00]: IOBufferCopyController (disable IOBufferCopyController (Credit by DalianSky)) :: PlistPatch :: [OS: 10.14.3 | MatchOS: All | MatchBuild: All] ==> allowed
54:622  0:000   - [01]: com.apple.driver.usb.AppleUSBXHCI (10.13.x USB Port Limit Patch) :: BinPatch :: [OS: 10.14.3 | MatchOS: 10.13.4,10.13.5 | MatchBuild: All] ==> not allowed
54:622  0:000   - [02]: com.apple.driver.usb.AppleUSBXHCI (USB 10.13.6 by PMHeart) :: BinPatch :: [OS: 10.14.3 | MatchOS: 10.13.6 | MatchBuild: All] ==> not allowed
54:622  0:000   - [03]: com.apple.driver.usb.AppleUSBXHCI (disable USB Port Limit Patch (PMheart) for 10.14 beta2) :: BinPatch :: [OS: 10.14.3 | MatchOS: 10.14 | MatchBuild: All] ==> allowed
54:622  0:000   - [04]: com.apple.iokit.IOUSBHostFamily (USB port limit patch 10.14.x modify by DalianSky(credit ydeng)) :: BinPatch :: [OS: 10.14.3 | MatchOS: 10.14.x | MatchBuild: All] ==> allowed
54:622  0:000   - [05]: com.apple.driver.usb.AppleUSBXHCI (USB Port limit patch 10.14.x modify by DalianSky(credits PMheart)) :: BinPatch :: [OS: 10.14.3 | MatchOS: 10.14.x | MatchBuild: All] ==> allowed
54:622  0:000  Filtering KernelPatches:
54:622  0:000   - [00]: Disable panic kext logging on 10.13 Debug kernel :: [OS: 10.14.3 | MatchOS: 10.13 | MatchBuild: no] ==> not allowed by OS
54:622  0:000   - [01]: Disable panic kext logging on 10.13 Release kernel :: [OS: 10.14.3 | MatchOS: 10.13 | MatchBuild: no] ==> not allowed by OS
54:622  0:000   - [02]: Disable panic kext logging on 10.14 Release kernel (c) vit9696 :: [OS: 10.14.3 | MatchOS: 10.14.x | MatchBuild: no] ==> allowed by OS
54:622  0:000   - [03]: MSR 0xE2 _xcpm_idle instant reboot(c) Pike R. Alpha :: [OS: 10.14.3 | MatchOS: All | MatchBuild: no] ==> allowed by OS
54:622  0:000  Will not patch boot.efi
54:622  0:000  EmuVariable InstallEmulation: orig vars copied, emu.var.services installed, CreateEvent VirtualAddressChange = Success, CreateEvent ExitBootServices = Success, set Status=Success
54:657  0:034  === [ PatchSmbios ] =======================================
54:657  0:000  insert table 9 for dev 0:0
54:657  0:000  insert table 9 for dev 0:0
54:657  0:000  Trusting SMBIOS...
54:657  0:000  Channels: 1
54:657  0:000  Interleave: 0 1 2 3 4 5 6 7 8 9 10 11 12 13 14 15 16 17 18 19 20 21 22 23
54:657  0:000   partNum=8ATF1G64HZ-2G3B1    
54:657  0:000  SMBIOS Type 17 Index = 0 => 0 0:
54:657  0:000  BANK 0 DIMM0 2400MHz 8192MB
54:657  0:000  SMBIOS Type 17 Index = 1 => 1 1:
54:657  0:000  BANK 0 DIMM1 EMPTY
54:657  0:000  mTotalSystemMemory = 8192
54:657  0:000  NumberOfMemoryDevices = 2
54:657  0:000  Type20[0]->End = 0x7FFFFF, Type17[0] = 0x2000
54:657  0:000  Table 131 is present, CPUType=31
54:657  0:000  Change to: 605
54:657  0:000  === [ PatchACPI ] =========================================
54:657  0:000  Xsdt reallocation done
54:657  0:000  old FADT length=10C
54:657  0:000   SignatureFixup: 0xFBA9B554 -> 0x0
54:657  0:000  Apply DsdtFixMask=0x01000000
54:657  0:000     drop _DSM mask=0xFFFF
54:657  0:000  === [ FixBiosDsdt ] =======================================
54:657  0:000  Patching DSDT:
54:657  0:000   - [change OSID to XSID (to avoid match against _OSI XOSI patch)]: disabled
54:657  0:000   - [change _OSI to XOSI]: disabled
54:657  0:000   - [change _DSM to XDSM]: disabled
54:657  0:000   - [change EC0 to EC]: disabled
54:657  0:000   - [change H_EC to EC]: disabled
54:657  0:000   - [change ECDV to EC]: disabled
54:657  0:000   - [change HDAS to HDEF]: pattern 48444153, patched at: [ (278) (12) (12) (3F20) (1586) (84) (D) (2B) (32) (4F) (75) (C3) (207CA) ]
54:658  0:000   - [change HECI to IMEI]: pattern 48454349, patched at: [ (F5DA) ]
54:658  0:000   - [change MEI to IMEI]: pattern 4D45495F, bin not found / already patched!
54:658  0:000   - [change GFX0 to IGPU]: pattern 47465830, patched at: [ (51) (E) (12) (12) (12) (5E) (12) (12) (3A6) (12) (12) (12) (5D) (2A52) (DBB2) (32) (4DA) (30) (1653) (27) (1C1A) (193F) (14) (885A) (14F2) (7668) (93) (4E) (F) (8) ]
54:658  0:000   - [change PCI0.VID to IGPU #1 (Thinkpad)]: pattern 50434930, bin not found / already patched!
54:658  0:000   - [change PCI0.VID to IGPU #2 (Thinkpad)]: pattern 5649445F, bin not found / already patched!
54:659  0:000    0 replacements
54:660  0:001  PreCleanup XSDT: count=30, length=276
54:660  0:000  PreCleanup XSDT, corrected XSDT: count=30, length=276
54:660  0:000  === [ ACPIPatchedAML ] ====================================
54:660  0:000  AutoMerge pass 1
54:660  0:000  Unsorted
54:660  0:000  Inserting SSDT-UIAC-ALL.aml from EFI\CLOVER\ACPI\patched: ignore on pass 1
54:660  0:000  Inserting SSDT-SkylakeSpoof.aml from EFI\CLOVER\ACPI\patched: ignore on pass 1
54:660  0:000  === [ ACPIDropTables ] ====================================
54:660  0:000  Drop tables from XSDT, SIGN=DMAR TableID=ACRPRDCT Length=240
54:660  0:000   Table[14]: DMAR  ACRPRDCT  240 dropped
54:660  0:000  0. [change OSID to XSID (to avoid match against _OSI XOSI patch)]: disabled
54:660  0:000  1. [change _OSI to XOSI]: disabled
54:660  0:000  2. [change _DSM to XDSM]: disabled
54:660  0:000  3. [change EC0 to EC]: disabled
54:660  0:000  4. [change H_EC to EC]: disabled
54:660  0:000  5. [change ECDV to EC]: disabled
54:660  0:000  6. [change HDAS to HDEF]: pattern 48444153, bin not found / already patched!
54:660  0:000  7. [change HECI to IMEI]: pattern 48454349, bin not found / already patched!
54:660  0:000  8. [change MEI to IMEI]: pattern 4D45495F, bin not found / already patched!
54:660  0:000  9. [change GFX0 to IGPU]: pattern 47465830, bin not found / already patched!
54:660  0:000  10. [change PCI0.VID to IGPU #1 (Thinkpad)]: pattern 50434930, bin not found / already patched!
54:660  0:000  11. [change PCI0.VID to IGPU #2 (Thinkpad)]: pattern 5649445F, bin not found / already patched!
54:660  0:000    0 replacements
54:660  0:000  0. [change OSID to XSID (to avoid match against _OSI XOSI patch)]: disabled
54:660  0:000  1. [change _OSI to XOSI]: disabled
54:660  0:000  2. [change _DSM to XDSM]: disabled
54:660  0:000  3. [change EC0 to EC]: disabled
54:660  0:000  4. [change H_EC to EC]: disabled
54:660  0:000  5. [change ECDV to EC]: disabled
54:660  0:000  6. [change HDAS to HDEF]: pattern 48444153, bin not found / already patched!
54:660  0:000  7. [change HECI to IMEI]: pattern 48454349, bin not found / already patched!
54:660  0:000  8. [change MEI to IMEI]: pattern 4D45495F, bin not found / already patched!
54:660  0:000  9. [change GFX0 to IGPU]: pattern 47465830, bin not found / already patched!
54:660  0:000  10. [change PCI0.VID to IGPU #1 (Thinkpad)]: pattern 50434930, bin not found / already patched!
54:660  0:000  11. [change PCI0.VID to IGPU #2 (Thinkpad)]: pattern 5649445F, bin not found / already patched!
54:660  0:000    0 replacements
54:660  0:000  0. [change OSID to XSID (to avoid match against _OSI XOSI patch)]: disabled
54:660  0:000  1. [change _OSI to XOSI]: disabled
54:660  0:000  2. [change _DSM to XDSM]: disabled
54:660  0:000  3. [change EC0 to EC]: disabled
54:660  0:000  4. [change H_EC to EC]: disabled
54:660  0:000  5. [change ECDV to EC]: disabled
54:660  0:000  6. [change HDAS to HDEF]: pattern 48444153, bin not found / already patched!
54:660  0:000  7. [change HECI to IMEI]: pattern 48454349, bin not found / already patched!
54:660  0:000  8. [change MEI to IMEI]: pattern 4D45495F, bin not found / already patched!
54:660  0:000  9. [change GFX0 to IGPU]: pattern 47465830, bin not found / already patched!
54:660  0:000  10. [change PCI0.VID to IGPU #1 (Thinkpad)]: pattern 50434930, bin not found / already patched!
54:660  0:000  11. [change PCI0.VID to IGPU #2 (Thinkpad)]: pattern 5649445F, bin not found / already patched!
54:660  0:000    0 replacements
54:660  0:000  0. [change OSID to XSID (to avoid match against _OSI XOSI patch)]: disabled
54:660  0:000  1. [change _OSI to XOSI]: disabled
54:660  0:000  2. [change _DSM to XDSM]: disabled
54:660  0:000  3. [change EC0 to EC]: disabled
54:660  0:000  4. [change H_EC to EC]: disabled
54:660  0:000  5. [change ECDV to EC]: disabled
54:660  0:000  6. [change HDAS to HDEF]: pattern 48444153, bin not found / already patched!
54:660  0:000  7. [change HECI to IMEI]: pattern 48454349, bin not found / already patched!
54:660  0:000  8. [change MEI to IMEI]: pattern 4D45495F, bin not found / already patched!
54:661  0:000  9. [change GFX0 to IGPU]: pattern 47465830, bin not found / already patched!
54:661  0:000  10. [change PCI0.VID to IGPU #1 (Thinkpad)]: pattern 50434930, bin not found / already patched!
54:661  0:000  11. [change PCI0.VID to IGPU #2 (Thinkpad)]: pattern 5649445F, bin not found / already patched!
54:661  0:000    0 replacements
54:661  0:000  0. [change OSID to XSID (to avoid match against _OSI XOSI patch)]: disabled
54:661  0:000  1. [change _OSI to XOSI]: disabled
54:661  0:000  2. [change _DSM to XDSM]: disabled
54:661  0:000  3. [change EC0 to EC]: disabled
54:661  0:000  4. [change H_EC to EC]: disabled
54:661  0:000  5. [change ECDV to EC]: disabled
54:661  0:000  6. [change HDAS to HDEF]: pattern 48444153, bin not found / already patched!
54:661  0:000  7. [change HECI to IMEI]: pattern 48454349, bin not found / already patched!
54:661  0:000  8. [change MEI to IMEI]: pattern 4D45495F, bin not found / already patched!
54:661  0:000  9. [change GFX0 to IGPU]: pattern 47465830, bin not found / already patched!
54:661  0:000  10. [change PCI0.VID to IGPU #1 (Thinkpad)]: pattern 50434930, bin not found / already patched!
54:661  0:000  11. [change PCI0.VID to IGPU #2 (Thinkpad)]: pattern 5649445F, bin not found / already patched!
54:661  0:000    0 replacements
54:661  0:000  0. [change OSID to XSID (to avoid match against _OSI XOSI patch)]: disabled
54:661  0:000  1. [change _OSI to XOSI]: disabled
54:661  0:000  2. [change _DSM to XDSM]: disabled
54:661  0:000  3. [change EC0 to EC]: disabled
54:661  0:000  4. [change H_EC to EC]: disabled
54:661  0:000  5. [change ECDV to EC]: disabled
54:661  0:000  6. [change HDAS to HDEF]: pattern 48444153, bin not found / already patched!
54:661  0:000  7. [change HECI to IMEI]: pattern 48454349, bin not found / already patched!
54:661  0:000  8. [change MEI to IMEI]: pattern 4D45495F, bin not found / already patched!
54:661  0:000  9. [change GFX0 to IGPU]: pattern 47465830, bin not found / already patched!
54:661  0:000  10. [change PCI0.VID to IGPU #1 (Thinkpad)]: pattern 50434930, bin not found / already patched!
54:661  0:000  11. [change PCI0.VID to IGPU #2 (Thinkpad)]: pattern 5649445F, bin not found / already patched!
54:661  0:000    0 replacements
54:661  0:000  Found OperationRegion(PNVS, SystemMemory, 60EB7000, ...)
54:661  0:000  0. [change OSID to XSID (to avoid match against _OSI XOSI patch)]: disabled
54:661  0:000  1. [change _OSI to XOSI]: disabled
54:661  0:000  2. [change _DSM to XDSM]: disabled
54:661  0:000  3. [change EC0 to EC]: disabled
54:661  0:000  4. [change H_EC to EC]: disabled
54:661  0:000  5. [change ECDV to EC]: disabled
54:661  0:000  6. [change HDAS to HDEF]: pattern 48444153, bin not found / already patched!
54:661  0:000  7. [change HECI to IMEI]: pattern 48454349, bin not found / already patched!
54:661  0:000  8. [change MEI to IMEI]: pattern 4D45495F, bin not found / already patched!
54:661  0:000  9. [change GFX0 to IGPU]: pattern 47465830, patched at: [ (2D) (20) (46) (25A) (1C8A) (A3A) (1D) (6EC) ]
54:661  0:000  10. [change PCI0.VID to IGPU #1 (Thinkpad)]: pattern 50434930, bin not found / already patched!
54:661  0:000  11. [change PCI0.VID to IGPU #2 (Thinkpad)]: pattern 5649445F, bin not found / already patched!
54:661  0:000    0 replacements
54:661  0:000  Found OperationRegion(SANV, SystemMemory, 7AE70C98, ...)
54:661  0:000  0. [change OSID to XSID (to avoid match against _OSI XOSI patch)]: disabled
54:661  0:000  1. [change _OSI to XOSI]: disabled
54:661  0:000  2. [change _DSM to XDSM]: disabled
54:661  0:000  3. [change EC0 to EC]: disabled
54:661  0:000  4. [change H_EC to EC]: disabled
54:661  0:000  5. [change ECDV to EC]: disabled
54:661  0:000  6. [change HDAS to HDEF]: pattern 48444153, bin not found / already patched!
54:661  0:000  7. [change HECI to IMEI]: pattern 48454349, bin not found / already patched!
54:661  0:000  8. [change MEI to IMEI]: pattern 4D45495F, bin not found / already patched!
54:661  0:000  9. [change GFX0 to IGPU]: pattern 47465830, bin not found / already patched!
54:661  0:000  10. [change PCI0.VID to IGPU #1 (Thinkpad)]: pattern 50434930, bin not found / already patched!
54:661  0:000  11. [change PCI0.VID to IGPU #2 (Thinkpad)]: pattern 5649445F, bin not found / already patched!
54:661  0:000    0 replacements
54:661  0:000  0. [change OSID to XSID (to avoid match against _OSI XOSI patch)]: disabled
54:661  0:000  1. [change _OSI to XOSI]: disabled
54:661  0:000  2. [change _DSM to XDSM]: disabled
54:661  0:000  3. [change EC0 to EC]: disabled
54:661  0:000  4. [change H_EC to EC]: disabled
54:661  0:000  5. [change ECDV to EC]: disabled
54:661  0:000  6. [change HDAS to HDEF]: pattern 48444153, bin not found / already patched!
54:661  0:000  7. [change HECI to IMEI]: pattern 48454349, bin not found / already patched!
54:661  0:000  8. [change MEI to IMEI]: pattern 4D45495F, bin not found / already patched!
54:661  0:000  9. [change GFX0 to IGPU]: pattern 47465830, bin not found / already patched!
54:661  0:000  10. [change PCI0.VID to IGPU #1 (Thinkpad)]: pattern 50434930, bin not found / already patched!
54:661  0:000  11. [change PCI0.VID to IGPU #2 (Thinkpad)]: pattern 5649445F, bin not found / already patched!
54:661  0:000    0 replacements
54:661  0:000  Found OperationRegion(AGNS, SystemMemory, 7AE72000, ...)
54:661  0:000  0. [change OSID to XSID (to avoid match against _OSI XOSI patch)]: disabled
54:661  0:000  1. [change _OSI to XOSI]: disabled
54:661  0:000  2. [change _DSM to XDSM]: disabled
54:661  0:000  3. [change EC0 to EC]: disabled
54:661  0:000  4. [change H_EC to EC]: disabled
54:661  0:000  5. [change ECDV to EC]: disabled
54:661  0:000  6. [change HDAS to HDEF]: pattern 48444153, bin not found / already patched!
54:661  0:000  7. [change HECI to IMEI]: pattern 48454349, bin not found / already patched!
54:661  0:000  8. [change MEI to IMEI]: pattern 4D45495F, bin not found / already patched!
54:661  0:000  9. [change GFX0 to IGPU]: pattern 47465830, bin not found / already patched!
54:661  0:000  10. [change PCI0.VID to IGPU #1 (Thinkpad)]: pattern 50434930, bin not found / already patched!
54:661  0:000  11. [change PCI0.VID to IGPU #2 (Thinkpad)]: pattern 5649445F, bin not found / already patched!
54:661  0:000    0 replacements
54:661  0:000  0. [change OSID to XSID (to avoid match against _OSI XOSI patch)]: disabled
54:661  0:000  1. [change _OSI to XOSI]: disabled
54:661  0:000  2. [change _DSM to XDSM]: disabled
54:661  0:000  3. [change EC0 to EC]: disabled
54:661  0:000  4. [change H_EC to EC]: disabled
54:661  0:000  5. [change ECDV to EC]: disabled
54:661  0:000  6. [change HDAS to HDEF]: pattern 48444153, bin not found / already patched!
54:661  0:000  7. [change HECI to IMEI]: pattern 48454349, bin not found / already patched!
54:661  0:000  8. [change MEI to IMEI]: pattern 4D45495F, bin not found / already patched!
54:661  0:000  9. [change GFX0 to IGPU]: pattern 47465830, patched at: [ (55) (28) (12) (12) (12) (12) (12) (12) (12) (12) (12) (12) (12) (12) (12) (12) (12) (12) (44F) (50) (15B2) (616) (BCF) (13) (28) (27) (13) (28) (27) (13) (28) (27) (13) (28) (27) (13) (28) (27) (13) (28) (27) (13) (28) (27) (13) (28) (27) (13) (28) (27) (13) (28) (27) (13) (28) (27) (13) (28) (27) (13) (28) (27) (13) (28) (27) (13) (28) (27) (13) (28) ]
54:661  0:000  10. [change PCI0.VID to IGPU #1 (Thinkpad)]: pattern 50434930, bin not found / already patched!
54:661  0:000  11. [change PCI0.VID to IGPU #2 (Thinkpad)]: pattern 5649445F, bin not found / already patched!
54:661  0:000    0 replacements
54:661  0:000  Found OperationRegion(VBOR, SystemMemory, 7AE18018, ...)
54:661  0:000  Found OperationRegion(SGOP, SystemMemory, 7A78E018, ...)
54:661  0:000  Found OperationRegion(NOPR, SystemMemory, 7AE15018, ...)
54:661  0:000  0. [change OSID to XSID (to avoid match against _OSI XOSI patch)]: disabled
54:661  0:000  1. [change _OSI to XOSI]: disabled
54:661  0:000  2. [change _DSM to XDSM]: disabled
54:661  0:000  3. [change EC0 to EC]: disabled
54:661  0:000  4. [change H_EC to EC]: disabled
54:661  0:000  5. [change ECDV to EC]: disabled
54:661  0:000  6. [change HDAS to HDEF]: pattern 48444153, bin not found / already patched!
54:661  0:000  7. [change HECI to IMEI]: pattern 48454349, bin not found / already patched!
54:661  0:000  8. [change MEI to IMEI]: pattern 4D45495F, bin not found / already patched!
54:661  0:000  9. [change GFX0 to IGPU]: pattern 47465830, bin not found / already patched!
54:661  0:000  10. [change PCI0.VID to IGPU #1 (Thinkpad)]: pattern 50434930, bin not found / already patched!
54:661  0:000  11. [change PCI0.VID to IGPU #2 (Thinkpad)]: pattern 5649445F, bin not found / already patched!
54:661  0:000    0 replacements
54:661  0:000  === [ ACPIPatchedAML ] ====================================
54:661  0:000  AutoMerge pass 2
54:661  0:000  Unsorted
54:661  0:000  Inserting SSDT-UIAC-ALL.aml from EFI\CLOVER\ACPI\patched: size=7540 ... Success
54:662  0:000  Inserting SSDT-SkylakeSpoof.aml from EFI\CLOVER\ACPI\patched: size=1113 ... Success
54:663  0:000  CPUBase=0 and ApicCPUBase=1 ApicCPUNum=8
54:663  0:000  Maximum control=0x19
54:663  0:000  Turbo control=0x23
54:663  0:000  P-States: min 0x8, max 0x23
54:663  0:000  SSDT with plugin-type without P-States is generated
54:663  0:000  Cleanup XSDT: count=33, length=300
54:663  0:000  corrected XSDT count=32, length=292
54:663  0:000  === [ RestSetup macOS ] ===================================
54:663  0:000  EdidDiscovered size=128
54:663  0:000  --- Discovered EDID Table size:128
54:663  0:000  000  |  00  FF  FF  FF  FF  FF  FF  00  30  E4
54:663  0:000  010  |  70  04  00  00  00  00  00  18  01  04
54:663  0:000  020  |  95  23  13  78  EA  DC  95  A3  58  55
54:663  0:000  030  |  A0  26  0D  50  54  00  00  00  01  01
54:663  0:000  040  |  01  01  01  01  01  01  01  01  01  01
54:663  0:000  050  |  01  01  01  01  2E  36  80  A0  70  38
54:663  0:000  060  |  1F  40  30  20  35  00  59  C2  10  00
54:663  0:000  070  |  00  1A  00  00  00  00  00  00  00  00
54:663  0:000  080  |  00  00  00  00  00  00  00  00  00  00
54:663  0:000  090  |  00  00  00  FE  00  4C  47  20  44  69
54:663  0:000  100  |  73  70  6C  61  79  0A  20  20  00  00
54:663  0:000  110  |  00  FE  00  4C  50  31  35  36  57  46
54:663  0:000  120  |  36  2D  53  50  41  31  00  7B
54:663  0:000  Intel HD Graphics 630 [8086:591B] :: PciRoot(0x0)\Pci(0x2,0x0)
54:663  0:000    IntelHDMI: used
54:663  0:000    ig-platform-id = 0x591B0000
54:663  0:000  Intel GFX revision  = 0x4
54:663  0:000   RCBA disabled; cannot use it
54:663  0:000   setting specified layout-id=27 (0x1B)
54:663  0:000  stringlength = 2266
54:663  0:000  CurrentMode: Width=1920 Height=1080
54:663  0:000  Beginning FSInjection
FSInjectionInstall ...
- Our FSI_SIMPLE_FILE_SYSTEM_PROTOCOL installed on handle: 69E08F18
FSInjectionInstall ...
- Our FSI_SIMPLE_FILE_SYSTEM_PROTOCOL installed on handle: 69E08F18
54:664  0:000  Use origin smbios table type 1 guid.
54:664  0:000    Force kext: System\Library\Extensions\IONetworkingFamily.kext
54:701  0:037      Force PlugIn kext: System\Library\Extensions\IONetworkingFamily.kext\Contents\PlugIns\nvenet.kext
54:704  0:002      Force PlugIn kext: System\Library\Extensions\IONetworkingFamily.kext\Contents\PlugIns\AppleEthernetAquantiaAqtion.kext
54:707  0:003      Force PlugIn kext: System\Library\Extensions\IONetworkingFamily.kext\Contents\PlugIns\AppleBCM5701Ethernet.kext
54:712  0:004      Force PlugIn kext: System\Library\Extensions\IONetworkingFamily.kext\Contents\PlugIns\AppleIntelI210Ethernet.kext
54:715  0:003      Force PlugIn kext: System\Library\Extensions\IONetworkingFamily.kext\Contents\PlugIns\Intel82574L.kext
54:718  0:003      Force PlugIn kext: System\Library\Extensions\IONetworkingFamily.kext\Contents\PlugIns\IOEthernetAVBController.kext
54:720  0:002      Force PlugIn kext: System\Library\Extensions\IONetworkingFamily.kext\Contents\PlugIns\AppleYukon2.kext
54:729  0:009      Force PlugIn kext: System\Library\Extensions\IONetworkingFamily.kext\Contents\PlugIns\AppleEthernetAquantiaAqtionFirmware.kext
54:736  0:006      Force PlugIn kext: System\Library\Extensions\IONetworkingFamily.kext\Contents\PlugIns\AppleIntel8254XEthernet.kext
54:738  0:002      Force PlugIn kext: System\Library\Extensions\IONetworkingFamily.kext\Contents\PlugIns\AppleVmxnet3Ethernet.kext
54:740  0:001      Force PlugIn kext: System\Library\Extensions\IONetworkingFamily.kext\Contents\PlugIns\mDNSOffloadUserClient.kext
54:741  0:001  Preparing kexts injection for arch=x86_64 from EFI\CLOVER\kexts\Other
54:741  0:000  Extra kext: EFI\CLOVER\kexts\Other\ACPIBatteryManager.kext (v.1.80)
54:743  0:001  Extra kext: EFI\CLOVER\kexts\Other\DisplayEDID-30e4-470.kext (v.9.9.9)
54:744  0:000  Extra kext: EFI\CLOVER\kexts\Other\AppleALC.kext (v.1.3.5)
54:781  0:037  Extra kext: EFI\CLOVER\kexts\Other\XHCI-unsupported.kext (v.0.9.2)
54:783  0:001  Extra kext: EFI\CLOVER\kexts\Other\XHCI-300-series-injector.kext (v.0.5.0)
54:783  0:000  Extra kext: EFI\CLOVER\kexts\Other\XHCI-200-series-injector.kext (v.0.5.0)
54:784  0:000  Extra kext: EFI\CLOVER\kexts\Other\WhateverGreen_v1.2.7.kext (v.1.2.7)
54:792  0:008  Extra kext: EFI\CLOVER\kexts\Other\VoodooPS2Controller_v1.9.2.kext (v.1.9.2)
54:795  0:002    |-- PlugIn kext: EFI\CLOVER\kexts\Other\VoodooPS2Controller_v1.9.2.kext\Contents\PlugIns\VoodooPS2Trackpad.kext (v.1.9.2)
54:800  0:005    |-- PlugIn kext: EFI\CLOVER\kexts\Other\VoodooPS2Controller_v1.9.2.kext\Contents\PlugIns\VoodooPS2Mouse.kext (v.1.9.2)
54:803  0:002    |-- PlugIn kext: EFI\CLOVER\kexts\Other\VoodooPS2Controller_v1.9.2.kext\Contents\PlugIns\VoodooPS2Keyboard.kext (v.1.9.2)
54:810  0:007  Extra kext: EFI\CLOVER\kexts\Other\USBInjectAll_v0.7.1.kext (v.0.7.1)
54:907  0:097  Extra kext: EFI\CLOVER\kexts\Other\SATA-RAID-unsupported.kext (v.0.9.2)
54:908  0:000  Extra kext: EFI\CLOVER\kexts\Other\SATA-200-series-unsupported.kext (v.0.5.1)
54:909  0:000  Extra kext: EFI\CLOVER\kexts\Other\SATA-100-series-unsupported.kext (v.0.5.1)
54:910  0:000  Extra kext: EFI\CLOVER\kexts\Other\RealtekRTL8111.kext (v.2.2.2)
54:914  0:004  Extra kext: EFI\CLOVER\kexts\Other\RealtekRTL8100.kext (v.2.0.1)
54:917  0:002  Extra kext: EFI\CLOVER\kexts\Other\Lilu_v1.3.2.kext (v.1.3.2)
54:920  0:002  Extra kext: EFI\CLOVER\kexts\Other\IntelMausiEthernet.kext (v.2.4.0d0)
54:922  0:002  Extra kext: EFI\CLOVER\kexts\Other\GenericUSBXHCI.kext (v.1.2.11)
54:925  0:002  Extra kext: EFI\CLOVER\kexts\Other\FakeSMC_v1800.kext (v.1800)
54:930  0:005  Extra kext: EFI\CLOVER\kexts\Other\AtherosE2200Ethernet.kext (v.2.2.2)
54:933  0:002  Extra kext: EFI\CLOVER\kexts\Other\AppleIntelE1000e.kext (v.3.3.6)
54:936  0:003  Extra kext: EFI\CLOVER\kexts\Other\AppleIGB.kext (v.5.3.5)
54:941  0:004  Extra kext: EFI\CLOVER\kexts\Other\AHCI_Intel_Generic_SATA.kext (v.0.5)
54:943  0:002  Extra kext: EFI\CLOVER\kexts\Other\AHCI_3rdParty_SATA.kext (v.0.5)
54:951  0:007  Extra kext: EFI\CLOVER\kexts\Other\AHCI_3rdParty_eSATA.kext (v.0.5)
54:962  0:011  SetStartupDiskVolume:
54:962  0:000    * Volume: 'Macintosh HD'
54:962  0:000    * LoaderPath: '<null string>'
54:962  0:000    * DevPath: Macintosh HD
54:962  0:000    * GUID = 9E7ACE2C-F809-4BC5-A37E-A939DC6748CE
54:962  0:000    * efi-boot-device: <array><dict><key>IOMatch</key><dict><key>IOProviderClass</key><string>IOMedia</string><key>IOPropertyMatch</key><dict><key>UUID</key><string>9E7ACE2C-F809-4BC5-A37E-A939DC6748CE</string></dict></dict></dict></array>
54:962  0:000  Custom boot screen not used because entry has unset use graphics
54:962  0:000  Closing log
